C51 COMPILER V9.54   BEEP                                                                  04/27/2021 14:14:15 PAGE 1   


C51 COMPILER V9.54, COMPILATION OF MODULE BEEP
OBJECT MODULE PLACED IN .\Objects\beep.obj
COMPILER INVOKED BY: F:\keil v5\C51\BIN\C51.EXE beep.c OPTIMIZE(8,SPEED) BROWSE INCDIR(..\普中科技单片机的蓝牙遥控小车) 
                    -DEBUG OBJECTEXTEND PRINT(.\Listings\beep.lst) TABS(2) OBJECT(.\Objects\beep.obj)

line level    source

   1          #include "beep.h"
   2          
   3          
   4          void beep() //蜂鸣器发出声音，模拟按键的声音
   5          { 
   6   1      buzzer=0;
   7   1      delay(10);
   8   1      buzzer=1;
   9   1      delay(10);
  10   1      buzzer=0;
  11   1      }


MODULE INFORMATION:   STATIC OVERLAYABLE
   CODE SIZE        =     21    ----
   CONSTANT SIZE    =   ----    ----
   XDATA SIZE       =   ----    ----
   PDATA SIZE       =   ----    ----
   DATA SIZE        =   ----    ----
   IDATA SIZE       =   ----    ----
   BIT SIZE         =   ----    ----
END OF MODULE INFORMATION.


C51 COMPILATION COMPLETE.  0 WARNING(S),  0 ERROR(S)
