C51 COMPILER V9.54   DELAY                                                                 03/17/2021 16:28:45 PAGE 1   


C51 COMPILER V9.54, COMPILATION OF MODULE DELAY
OBJECT MODULE PLACED IN .\Objects\delay.obj
COMPILER INVOKED BY: F:\keil v5\C51\BIN\C51.EXE delay.c OPTIMIZE(8,SPEED) BROWSE INCDIR(..\普中科技单片机的蓝牙遥控小车)
                    - DEBUG OBJECTEXTEND PRINT(.\Listings\delay.lst) TABS(2) OBJECT(.\Objects\delay.obj)

line level    source

   1           #include "delay.h"
   2           
   3           
   4          // void delay1ms(uint c)     
   5          // {
   6          // uint a,b;
   7          // for(a=c;a>0;a--);
   8          // for(b=112;b>0;b--); 
   9          // }
  10          // 
  11          void delay(uint x)  //延时函数
  12          {uchar i;
  13   1      while(x--)
  14   1      for(i=0;i<200;i++);
  15   1      }


MODULE INFORMATION:   STATIC OVERLAYABLE
   CODE SIZE        =     22    ----
   CONSTANT SIZE    =   ----    ----
   XDATA SIZE       =   ----    ----
   PDATA SIZE       =   ----    ----
   DATA SIZE        =   ----    ----
   IDATA SIZE       =   ----    ----
   BIT SIZE         =   ----    ----
END OF MODULE INFORMATION.


C51 COMPILATION COMPLETE.  0 WARNING(S),  0 ERROR(S)
