C51 COMPILER V9.54   MAIN                                                                  04/27/2021 14:29:50 PAGE 1   


C51 COMPILER V9.54, COMPILATION OF MODULE MAIN
OBJECT MODULE PLACED IN .\Objects\main.obj
COMPILER INVOKED BY: F:\keil v5\C51\BIN\C51.EXE main.c OPTIMIZE(8,SPEED) BROWSE INCDIR(..\普中科技单片机的蓝牙遥控小车) 
                    -DEBUG OBJECTEXTEND PRINT(.\Listings\main.lst) TABS(2) OBJECT(.\Objects\main.obj)

line level    source

   1          /*
   2          ================================================================
   3                                    代码声明
   4          ================================================================
   5            Powered By：童正威 
   6            College：武汉文理学院
   7            Version：1.0.4
   8            Project：基于手机蓝牙控制的蓝牙小车毕业设计(程序代码部分)
   9            |
  10            |---main
  11            |
  12            |---delay
  13            |
  14            |---usart
  15            |
  16            |---pwm
  17            |
  18            |.....
  19            |
  20          ================================================================
  21          */
  22          #include <reg51.h>
  23          #include "delay.h"
  24          #include "usart.h"
  25          #include "pwm.h"
  26          #include "beep.h"
  27          #include "bizhang.h"
  28          #include <stdio.h>
  29          
  30          #define uchar unsigned char
  31          #define uint  unsigned int
  32          
  33            
  34          uchar receiveData;  //接受的数据
  35          uchar flag;
  36          
  37          uint tiaozheng=0;
  38          //extern int uflag;
  39          void add(void);
  40          void decrease(void);
  41          
  42          void main()
  43            {   JDQ=0;
  44   1            P1=0X00;
  45   1            P2=0x00|0xcf;
  46   1            P3_4=0x00;
  47   1            buzzer=0x00;
  48   1            UsartInit();
  49   1      
  50   1            while (1)
  51   1            {
  52   2            if (flag ==1)
  53   2            {
  54   3            switch(receiveData)
C51 COMPILER V9.54   MAIN                                                                  04/27/2021 14:29:50 PAGE 2   

  55   3            {
  56   4              case '2':
  57   4                //beep();
  58   4                CarForward();
  59   4                ES=0;
  60   4                SBUF=receiveData; 
  61   4                while(!TI);
  62   4                TI=0;
  63   4                ES=1;
  64   4                flag=0;
  65   4                break;
  66   4              case '8':
  67   4                //beep();
  68   4                CarBack();
  69   4                ES=0;
  70   4                SBUF=receiveData; 
  71   4                while(!TI);
  72   4                TI=0;
  73   4                ES=1;
  74   4                flag=0;
  75   4                break;
  76   4              case '6':
  77   4                //beep();
  78   4                CarLeft();
  79   4                ES=0;
  80   4                SBUF=receiveData; 
  81   4                while(!TI);
  82   4                TI=0;
  83   4                ES=1;
  84   4                flag=0;
  85   4                break;
  86   4              case '4':
  87   4                //beep();
  88   4                CarRight();
  89   4                ES=0;
  90   4                SBUF=receiveData; 
  91   4                while(!TI);
  92   4                TI=0;
  93   4                ES=1;
  94   4                flag=0;
  95   4                break;
  96   4              case '5':
  97   4                //beep();
  98   4                CarStop();
  99   4                ES=0;
 100   4                SBUF=receiveData; 
 101   4                while(!TI);
 102   4                TI=0;
 103   4                ES=1;
 104   4                flag=0;
 105   4                break;
 106   4              case '0':
 107   4                //beep();
 108   4                JDQ1();
 109   4                ES=0;
 110   4                SBUF=receiveData; 
 111   4                while(!TI);
 112   4                TI=0;
 113   4                ES=1;
 114   4                flag=0;
 115   4                break;
 116   4              case '1':
C51 COMPILER V9.54   MAIN                                                                  04/27/2021 14:29:50 PAGE 3   

 117   4                //beep();
 118   4                JDQ2();
 119   4                ES=0;
 120   4                SBUF=receiveData; 
 121   4                while(!TI);
 122   4                TI=0;
 123   4                ES=1;
 124   4                flag=0;
 125   4                break;
 126   4              case '7':
 127   4                beep();
 128   4                bizhang();
 129   4                ES=0;
 130   4                SBUF=receiveData; 
 131   4                while(!TI);
 132   4                TI=0;
 133   4                ES=1;
 134   4                flag=0;
 135   4                break;  
 136   4              case 'a':
 137   4                beep();
 138   4                add();
 139   4                ES=0;
 140   4                SBUF=receiveData; 
 141   4                while(!TI);
 142   4                TI=0;
 143   4                ES=1;
 144   4                flag=0;
 145   4                break;
 146   4              case 'd':
 147   4                beep();
 148   4                decrease();
 149   4                ES=0;
 150   4                SBUF=receiveData; 
 151   4                while(!TI);
 152   4                TI=0;
 153   4                ES=1;
 154   4                flag=0;
 155   4                break;
 156   4            }   
 157   3          }
 158   2        }
 159   1      }
 160          
 161           void Usart()interrupt 4    
 162           {
 163   1       receiveData=SBUF;      //接收数据 
 164   1       RI=0;            //关闭计时器 
 165   1       //SBUF=receiveData;       //发送数据（反馈） 
 166   1       flag=1;
 167   1       }
 168          
 169           void add(void)
 170           {   
 171   1         tiaozheng++;
 172   1         if(tiaozheng>30)
 173   1          { 
 174   2            tiaozheng=0;
 175   2          }
 176   1       }
 177           
 178           
C51 COMPILER V9.54   MAIN                                                                  04/27/2021 14:29:50 PAGE 4   

 179           void decrease(void)
 180           {
 181   1          tiaozheng--;
 182   1         if(tiaozheng==0)
 183   1          { 
 184   2            tiaozheng=30;
 185   2          }
 186   1       }


MODULE INFORMATION:   STATIC OVERLAYABLE
   CODE SIZE        =    291    ----
   CONSTANT SIZE    =   ----    ----
   XDATA SIZE       =   ----    ----
   PDATA SIZE       =   ----    ----
   DATA SIZE        =      4    ----
   IDATA SIZE       =   ----    ----
   BIT SIZE         =   ----    ----
END OF MODULE INFORMATION.


C51 COMPILATION COMPLETE.  0 WARNING(S),  0 ERROR(S)
