C51 COMPILER V9.54   PWM                                                                   04/27/2021 14:27:42 PAGE 1   


C51 COMPILER V9.54, COMPILATION OF MODULE PWM
OBJECT MODULE PLACED IN .\Objects\pwm.obj
COMPILER INVOKED BY: F:\keil v5\C51\BIN\C51.EXE pwm.c OPTIMIZE(8,SPEED) BROWSE INCDIR(..\普中科技单片机的蓝牙遥控小车) D
                    -EBUG OBJECTEXTEND PRINT(.\Listings\pwm.lst) TABS(2) OBJECT(.\Objects\pwm.obj)

line level    source

   1          #include "pwm.h"
   2          
   3          uint time;
   4          extern uint tiaozheng;
   5           void CarForward()
   6           {
   7   1         A_IA=1;
   8   1         A_IB=0;
   9   1         B_IA=1;
  10   1         B_IB=0;
  11   1        }
  12           void CarBack()
  13           {
  14   1         A_IA=0;
  15   1         A_IB=1;
  16   1         B_IA=0;
  17   1         B_IB=1;
  18   1        }
  19             void CarLeft()
  20           {
  21   1         A_IA=0;
  22   1         A_IB=0;
  23   1         B_IA=0;
  24   1         B_IB=1;
  25   1        }
  26           void CarRight()
  27           {
  28   1         A_IA=0;
  29   1         A_IB=1;
  30   1         B_IA=0;
  31   1         B_IB=0;
  32   1        }
  33             void CarStop()
  34           {
  35   1         A_IA=0;
  36   1         A_IB=0;
  37   1         B_IA=0;
  38   1         B_IB=0;
  39   1        }
  40            void JDQ1()
  41            {
  42   1         JDQ=1;
  43   1        
  44   1        }
  45             void JDQ2()
  46            {
  47   1         JDQ=0;
  48   1        
  49   1        }
  50            
  51            
  52            void pwm_out(void) //pwm波形输出
  53            {
  54   1          if(time>30)
C51 COMPILER V9.54   PWM                                                                   04/27/2021 14:27:42 PAGE 2   

  55   1          { 
  56   2            time=0;
  57   2          }
  58   1          if(time<30-tiaozheng)//gengai
  59   1          {
  60   2            pwm=1;
  61   2            pwm2=1;
  62   2          }
  63   1          else 
  64   1          {
  65   2            pwm=0;
  66   2            pwm2=0;
  67   2          }
  68   1        
  69   1        }
  70            
  71            
  72            
  73          /*TIMER0中断服务函数产生PWM信号*/
  74            void timer0() interrupt 1
  75            {
  76   1          TH0=0XEC;   //5ms定时
  77   1          TL0=0X78;
  78   1          time++;
  79   1          pwm_out();
  80   1        
  81   1        }
  82            


MODULE INFORMATION:   STATIC OVERLAYABLE
   CODE SIZE        =    133    ----
   CONSTANT SIZE    =   ----    ----
   XDATA SIZE       =   ----    ----
   PDATA SIZE       =   ----    ----
   DATA SIZE        =      2    ----
   IDATA SIZE       =   ----    ----
   BIT SIZE         =   ----    ----
END OF MODULE INFORMATION.


C51 COMPILATION COMPLETE.  0 WARNING(S),  0 ERROR(S)
