C51 COMPILER V9.54   USART                                                                 03/30/2021 19:01:56 PAGE 1   


C51 COMPILER V9.54, COMPILATION OF MODULE USART
OBJECT MODULE PLACED IN .\Objects\usart.obj
COMPILER INVOKED BY: F:\keil v5\C51\BIN\C51.EXE usart.c OPTIMIZE(8,SPEED) BROWSE INCDIR(..\普中科技单片机的蓝牙遥控小车)
                    - DEBUG OBJECTEXTEND PRINT(.\Listings\usart.lst) TABS(2) OBJECT(.\Objects\usart.obj)

line level    source

   1          #include "usart.h"  
   2          #include <stdio.h>
   3            
   4          void UsartInit()
   5            {
   6   1        /*TMOD |=0x20;        
   7   1        SCON =0x50;       
   8   1        PCON =0x00;       //4800bps
   9   1        TH1=0xfd;         //如果你用的是9600bps,初值为TH1=0xFA;TH1=0xFA;
  10   1        TL1=0xfd;
  11   1        ES=1;            
  12   1        EA=1;            
  13   1        TR1=1;           
  14   1        */
  15   1        TMOD=0x21;     //设置定时器1的工作方式2   0010 0000  GATE C/T    8位初值自动重装8位定时器
  16   1        SCON =0x50;     
  17   1        PCON=0x00;  
  18   1        TH1=0xfd;         //如果你用的是9600bps,初值为TH1=0xFA;TH1=0xFA;
  19   1        TL1=0xfd;
  20   1        TH0=0XEC;      //5ms定时    
  21   1        TL0=0X78;   
  22   1        TR0=1;
  23   1        TR1=1;
  24   1        ET0=1;
  25   1        ES=1;
  26   1        EA=1;
  27   1        TI=1;
  28   1              printf("UsartInit is OK!\n");
  29   1        }
  30            


MODULE INFORMATION:   STATIC OVERLAYABLE
   CODE SIZE        =     42    ----
   CONSTANT SIZE    =     18    ----
   XDATA SIZE       =   ----    ----
   PDATA SIZE       =   ----    ----
   DATA SIZE        =   ----    ----
   IDATA SIZE       =   ----    ----
   BIT SIZE         =   ----    ----
END OF MODULE INFORMATION.


C51 COMPILATION COMPLETE.  0 WARNING(S),  0 ERROR(S)
